- Connecting...
- Connected
- Connecting...
- Connected
Error: marker was not found
    at decodeScan (/data/data/com.termux/files/home/kick-bot0/node_modules/jpeg-js/lib/decoder.js:344:15)
    at constructor.parse (/data/data/com.termux/files/home/kick-bot0/node_modules/jpeg-js/lib/decoder.js:804:29)
    at Object.decode [as image/jpeg] (/data/data/com.termux/files/home/kick-bot0/node_modules/jpeg-js/lib/decoder.js:1096:11)
    at Jimp.parseBitmap (/data/data/com.termux/files/home/kick-bot0/node_modules/@jimp/core/dist/utils/image-bitmap.js:196:53)
    at Jimp.parseBitmap (/data/data/com.termux/files/home/kick-bot0/node_modules/@jimp/core/dist/index.js:431:32)
    at /data/data/com.termux/files/home/kick-bot0/node_modules/@jimp/core/dist/index.js:373:15
    at FSReqCallback.readFileAfterClose [as oncomplete] (internal/fs/read_file_context.js:63:3) {
  methodName: 'constructor'
}
Error: marker was not found
    at decodeScan (/data/data/com.termux/files/home/kick-bot0/node_modules/jpeg-js/lib/decoder.js:344:15)
    at constructor.parse (/data/data/com.termux/files/home/kick-bot0/node_modules/jpeg-js/lib/decoder.js:804:29)
    at Object.decode [as image/jpeg] (/data/data/com.termux/files/home/kick-bot0/node_modules/jpeg-js/lib/decoder.js:1096:11)
    at Jimp.parseBitmap (/data/data/com.termux/files/home/kick-bot0/node_modules/@jimp/core/dist/utils/image-bitmap.js:196:53)
    at Jimp.parseBitmap (/data/data/com.termux/files/home/kick-bot0/node_modules/@jimp/core/dist/index.js:431:32)
    at /data/data/com.termux/files/home/kick-bot0/node_modules/@jimp/core/dist/index.js:373:15
    at FSReqCallback.readFileAfterClose [as oncomplete] (internal/fs/read_file_context.js:63:3) {
  methodName: 'constructor'
}
Error: marker was not found
    at decodeScan (/data/data/com.termux/files/home/kick-bot0/node_modules/jpeg-js/lib/decoder.js:344:15)
    at constructor.parse (/data/data/com.termux/files/home/kick-bot0/node_modules/jpeg-js/lib/decoder.js:804:29)
    at Object.decode [as image/jpeg] (/data/data/com.termux/files/home/kick-bot0/node_modules/jpeg-js/lib/decoder.js:1096:11)
    at Jimp.parseBitmap (/data/data/com.termux/files/home/kick-bot0/node_modules/@jimp/core/dist/utils/image-bitmap.js:196:53)
    at Jimp.parseBitmap (/data/data/com.termux/files/home/kick-bot0/node_modules/@jimp/core/dist/index.js:431:32)
    at /data/data/com.termux/files/home/kick-bot0/node_modules/@jimp/core/dist/index.js:373:15
    at FSReqCallback.readFileAfterClose [as oncomplete] (internal/fs/read_file_context.js:63:3) {
  methodName: 'constructor'
}
Error: marker was not found
    at decodeScan (/data/data/com.termux/files/home/kick-bot0/node_modules/jpeg-js/lib/decoder.js:344:15)
    at constructor.parse (/data/data/com.termux/files/home/kick-bot0/node_modules/jpeg-js/lib/decoder.js:804:29)
    at Object.decode [as image/jpeg] (/data/data/com.termux/files/home/kick-bot0/node_modules/jpeg-js/lib/decoder.js:1096:11)
    at Jimp.parseBitmap (/data/data/com.termux/files/home/kick-bot0/node_modules/@jimp/core/dist/utils/image-bitmap.js:196:53)
    at Jimp.parseBitmap (/data/data/com.termux/files/home/kick-bot0/node_modules/@jimp/core/dist/index.js:431:32)
    at /data/data/com.termux/files/home/kick-bot0/node_modules/@jimp/core/dist/index.js:373:15
    at FSReqCallback.readFileAfterClose [as oncomplete] (internal/fs/read_file_context.js:63:3) {
  methodName: 'constructor'
}
- Connecting...
Error: marker was not found
    at decodeScan (/data/data/com.termux/files/home/kick-bot0/node_modules/jpeg-js/lib/decoder.js:344:15)
    at constructor.parse (/data/data/com.termux/files/home/kick-bot0/node_modules/jpeg-js/lib/decoder.js:804:29)
    at Object.decode [as image/jpeg] (/data/data/com.termux/files/home/kick-bot0/node_modules/jpeg-js/lib/decoder.js:1096:11)
    at Jimp.parseBitmap (/data/data/com.termux/files/home/kick-bot0/node_modules/@jimp/core/dist/utils/image-bitmap.js:196:53)
    at Jimp.parseBitmap (/data/data/com.termux/files/home/kick-bot0/node_modules/@jimp/core/dist/index.js:431:32)
    at /data/data/com.termux/files/home/kick-bot0/node_modules/@jimp/core/dist/index.js:373:15
    at FSReqCallback.readFileAfterClose [as oncomplete] (internal/fs/read_file_context.js:63:3) {
  methodName: 'constructor'
}
Error: marker was not found
    at decodeScan (/data/data/com.termux/files/home/kick-bot0/node_modules/jpeg-js/lib/decoder.js:344:15)
    at constructor.parse (/data/data/com.termux/files/home/kick-bot0/node_modules/jpeg-js/lib/decoder.js:804:29)
    at Object.decode [as image/jpeg] (/data/data/com.termux/files/home/kick-bot0/node_modules/jpeg-js/lib/decoder.js:1096:11)
    at Jimp.parseBitmap (/data/data/com.termux/files/home/kick-bot0/node_modules/@jimp/core/dist/utils/image-bitmap.js:196:53)
    at Jimp.parseBitmap (/data/data/com.termux/files/home/kick-bot0/node_modules/@jimp/core/dist/index.js:431:32)
    at /data/data/com.termux/files/home/kick-bot0/node_modules/@jimp/core/dist/index.js:373:15
    at FSReqCallback.readFileAfterClose [as oncomplete] (internal/fs/read_file_context.js:63:3) {
  methodName: 'constructor'
}
- Connected
Error: marker was not found
    at decodeScan (/data/data/com.termux/files/home/kick-bot0/node_modules/jpeg-js/lib/decoder.js:344:15)
    at constructor.parse (/data/data/com.termux/files/home/kick-bot0/node_modules/jpeg-js/lib/decoder.js:804:29)
    at Object.decode [as image/jpeg] (/data/data/com.termux/files/home/kick-bot0/node_modules/jpeg-js/lib/decoder.js:1096:11)
    at Jimp.parseBitmap (/data/data/com.termux/files/home/kick-bot0/node_modules/@jimp/core/dist/utils/image-bitmap.js:196:53)
    at Jimp.parseBitmap (/data/data/com.termux/files/home/kick-bot0/node_modules/@jimp/core/dist/index.js:431:32)
    at /data/data/com.termux/files/home/kick-bot0/node_modules/@jimp/core/dist/index.js:373:15
    at FSReqCallback.readFileAfterClose [as oncomplete] (internal/fs/read_file_context.js:63:3) {
  methodName: 'constructor'
}
Error: marker was not found
    at decodeScan (/data/data/com.termux/files/home/kick-bot0/node_modules/jpeg-js/lib/decoder.js:344:15)
    at constructor.parse (/data/data/com.termux/files/home/kick-bot0/node_modules/jpeg-js/lib/decoder.js:804:29)
    at Object.decode [as image/jpeg] (/data/data/com.termux/files/home/kick-bot0/node_modules/jpeg-js/lib/decoder.js:1096:11)
    at Jimp.parseBitmap (/data/data/com.termux/files/home/kick-bot0/node_modules/@jimp/core/dist/utils/image-bitmap.js:196:53)
    at Jimp.parseBitmap (/data/data/com.termux/files/home/kick-bot0/node_modules/@jimp/core/dist/index.js:431:32)
    at /data/data/com.termux/files/home/kick-bot0/node_modules/@jimp/core/dist/index.js:373:15
    at FSReqCallback.readFileAfterClose [as oncomplete] (internal/fs/read_file_context.js:63:3) {
  methodName: 'constructor'
}
Error: marker was not found
    at decodeScan (/data/data/com.termux/files/home/kick-bot0/node_modules/jpeg-js/lib/decoder.js:344:15)
    at constructor.parse (/data/data/com.termux/files/home/kick-bot0/node_modules/jpeg-js/lib/decoder.js:804:29)
    at Object.decode [as image/jpeg] (/data/data/com.termux/files/home/kick-bot0/node_modules/jpeg-js/lib/decoder.js:1096:11)
    at Jimp.parseBitmap (/data/data/com.termux/files/home/kick-bot0/node_modules/@jimp/core/dist/utils/image-bitmap.js:196:53)
    at Jimp.parseBitmap (/data/data/com.termux/files/home/kick-bot0/node_modules/@jimp/core/dist/index.js:431:32)
    at /data/data/com.termux/files/home/kick-bot0/node_modules/@jimp/core/dist/index.js:373:15
    at FSReqCallback.readFileAfterClose [as oncomplete] (internal/fs/read_file_context.js:63:3) {
  methodName: 'constructor'
}
Error: marker was not found
    at decodeScan (/data/data/com.termux/files/home/kick-bot0/node_modules/jpeg-js/lib/decoder.js:344:15)
    at constructor.parse (/data/data/com.termux/files/home/kick-bot0/node_modules/jpeg-js/lib/decoder.js:804:29)
    at Object.decode [as image/jpeg] (/data/data/com.termux/files/home/kick-bot0/node_modules/jpeg-js/lib/decoder.js:1096:11)
    at Jimp.parseBitmap (/data/data/com.termux/files/home/kick-bot0/node_modules/@jimp/core/dist/utils/image-bitmap.js:196:53)
    at Jimp.parseBitmap (/data/data/com.termux/files/home/kick-bot0/node_modules/@jimp/core/dist/index.js:431:32)
    at /data/data/com.termux/files/home/kick-bot0/node_modules/@jimp/core/dist/index.js:373:15
    at FSReqCallback.readFileAfterClose [as oncomplete] (internal/fs/read_file_context.js:63:3) {
  methodName: 'constructor'
}
Error: marker was not found
    at decodeScan (/data/data/com.termux/files/home/kick-bot0/node_modules/jpeg-js/lib/decoder.js:344:15)
    at constructor.parse (/data/data/com.termux/files/home/kick-bot0/node_modules/jpeg-js/lib/decoder.js:804:29)
    at Object.decode [as image/jpeg] (/data/data/com.termux/files/home/kick-bot0/node_modules/jpeg-js/lib/decoder.js:1096:11)
    at Jimp.parseBitmap (/data/data/com.termux/files/home/kick-bot0/node_modules/@jimp/core/dist/utils/image-bitmap.js:196:53)
    at Jimp.parseBitmap (/data/data/com.termux/files/home/kick-bot0/node_modules/@jimp/core/dist/index.js:431:32)
    at /data/data/com.termux/files/home/kick-bot0/node_modules/@jimp/core/dist/index.js:373:15
    at FSReqCallback.readFileAfterClose [as oncomplete] (internal/fs/read_file_context.js:63:3) {
  methodName: 'constructor'
}
Error: marker was not found
    at decodeScan (/data/data/com.termux/files/home/kick-bot0/node_modules/jpeg-js/lib/decoder.js:344:15)
    at constructor.parse (/data/data/com.termux/files/home/kick-bot0/node_modules/jpeg-js/lib/decoder.js:804:29)
    at Object.decode [as image/jpeg] (/data/data/com.termux/files/home/kick-bot0/node_modules/jpeg-js/lib/decoder.js:1096:11)
    at Jimp.parseBitmap (/data/data/com.termux/files/home/kick-bot0/node_modules/@jimp/core/dist/utils/image-bitmap.js:196:53)
    at Jimp.parseBitmap (/data/data/com.termux/files/home/kick-bot0/node_modules/@jimp/core/dist/index.js:431:32)
    at /data/data/com.termux/files/home/kick-bot0/node_modules/@jimp/core/dist/index.js:373:15
    at FSReqCallback.readFileAfterClose [as oncomplete] (internal/fs/read_file_context.js:63:3) {
  methodName: 'constructor'
}
Error: marker was not found
    at decodeScan (/data/data/com.termux/files/home/kick-bot0/node_modules/jpeg-js/lib/decoder.js:344:15)
    at constructor.parse (/data/data/com.termux/files/home/kick-bot0/node_modules/jpeg-js/lib/decoder.js:804:29)
    at Object.decode [as image/jpeg] (/data/data/com.termux/files/home/kick-bot0/node_modules/jpeg-js/lib/decoder.js:1096:11)
    at Jimp.parseBitmap (/data/data/com.termux/files/home/kick-bot0/node_modules/@jimp/core/dist/utils/image-bitmap.js:196:53)
    at Jimp.parseBitmap (/data/data/com.termux/files/home/kick-bot0/node_modules/@jimp/core/dist/index.js:431:32)
    at /data/data/com.termux/files/home/kick-bot0/node_modules/@jimp/core/dist/index.js:373:15
    at FSReqCallback.readFileAfterClose [as oncomplete] (internal/fs/read_file_context.js:63:3) {
  methodName: 'constructor'
}
Error: marker was not found
    at decodeScan (/data/data/com.termux/files/home/kick-bot0/node_modules/jpeg-js/lib/decoder.js:344:15)
    at constructor.parse (/data/data/com.termux/files/home/kick-bot0/node_modules/jpeg-js/lib/decoder.js:804:29)
    at Object.decode [as image/jpeg] (/data/data/com.termux/files/home/kick-bot0/node_modules/jpeg-js/lib/decoder.js:1096:11)
    at Jimp.parseBitmap (/data/data/com.termux/files/home/kick-bot0/node_modules/@jimp/core/dist/utils/image-bitmap.js:196:53)
    at Jimp.parseBitmap (/data/data/com.termux/files/home/kick-bot0/node_modules/@jimp/core/dist/index.js:431:32)
    at /data/data/com.termux/files/home/kick-bot0/node_modules/@jimp/core/dist/index.js:373:15
    at FSReqCallback.readFileAfterClose [as oncomplete] (internal/fs/read_file_context.js:63:3) {
  methodName: 'constructor'
}
Error: marker was not found
    at decodeScan (/data/data/com.termux/files/home/kick-bot0/node_modules/jpeg-js/lib/decoder.js:344:15)
    at constructor.parse (/data/data/com.termux/files/home/kick-bot0/node_modules/jpeg-js/lib/decoder.js:804:29)
    at Object.decode [as image/jpeg] (/data/data/com.termux/files/home/kick-bot0/node_modules/jpeg-js/lib/decoder.js:1096:11)
    at Jimp.parseBitmap (/data/data/com.termux/files/home/kick-bot0/node_modules/@jimp/core/dist/utils/image-bitmap.js:196:53)
    at Jimp.parseBitmap (/data/data/com.termux/files/home/kick-bot0/node_modules/@jimp/core/dist/index.js:431:32)
    at /data/data/com.termux/files/home/kick-bot0/node_modules/@jimp/core/dist/index.js:373:15
    at FSReqCallback.readFileAfterClose [as oncomplete] (internal/fs/read_file_context.js:63:3) {
  methodName: 'constructor'
}
Error: marker was not found
    at decodeScan (/data/data/com.termux/files/home/kick-bot0/node_modules/jpeg-js/lib/decoder.js:344:15)
    at constructor.parse (/data/data/com.termux/files/home/kick-bot0/node_modules/jpeg-js/lib/decoder.js:804:29)
    at Object.decode [as image/jpeg] (/data/data/com.termux/files/home/kick-bot0/node_modules/jpeg-js/lib/decoder.js:1096:11)
    at Jimp.parseBitmap (/data/data/com.termux/files/home/kick-bot0/node_modules/@jimp/core/dist/utils/image-bitmap.js:196:53)
    at Jimp.parseBitmap (/data/data/com.termux/files/home/kick-bot0/node_modules/@jimp/core/dist/index.js:431:32)
    at /data/data/com.termux/files/home/kick-bot0/node_modules/@jimp/core/dist/index.js:373:15
    at FSReqCallback.readFileAfterClose [as oncomplete] (internal/fs/read_file_context.js:63:3) {
  methodName: 'constructor'
}
- Connecting...
- Connected
- Connecting...
- Connected
- Connecting...
- Connected
Error: marker was not found
    at decodeScan (/data/data/com.termux/files/home/kick-bot0/node_modules/jpeg-js/lib/decoder.js:344:15)
    at constructor.parse (/data/data/com.termux/files/home/kick-bot0/node_modules/jpeg-js/lib/decoder.js:804:29)
    at Object.decode [as image/jpeg] (/data/data/com.termux/files/home/kick-bot0/node_modules/jpeg-js/lib/decoder.js:1096:11)
    at Jimp.parseBitmap (/data/data/com.termux/files/home/kick-bot0/node_modules/@jimp/core/dist/utils/image-bitmap.js:196:53)
    at Jimp.parseBitmap (/data/data/com.termux/files/home/kick-bot0/node_modules/@jimp/core/dist/index.js:431:32)
    at /data/data/com.termux/files/home/kick-bot0/node_modules/@jimp/core/dist/index.js:373:15
    at FSReqCallback.readFileAfterClose [as oncomplete] (internal/fs/read_file_context.js:63:3) {
  methodName: 'constructor'
}
- Connecting...
- Connected
- Connecting...
- Connected
- Connecting...
- Connected
- Connecting...
- Connected
- Connecting...
- Connected
- Connecting...
- Connected
- Connecting...
- Connected
- Connecting...
- Connected
- Connecting...
- Connected
Error: marker was not found
    at decodeScan (/data/data/com.termux/files/home/kick-bot0/node_modules/jpeg-js/lib/decoder.js:344:15)
    at constructor.parse (/data/data/com.termux/files/home/kick-bot0/node_modules/jpeg-js/lib/decoder.js:804:29)
    at Object.decode [as image/jpeg] (/data/data/com.termux/files/home/kick-bot0/node_modules/jpeg-js/lib/decoder.js:1096:11)
    at Jimp.parseBitmap (/data/data/com.termux/files/home/kick-bot0/node_modules/@jimp/core/dist/utils/image-bitmap.js:196:53)
    at Jimp.parseBitmap (/data/data/com.termux/files/home/kick-bot0/node_modules/@jimp/core/dist/index.js:431:32)
    at /data/data/com.termux/files/home/kick-bot0/node_modules/@jimp/core/dist/index.js:373:15
    at FSReqCallback.readFileAfterClose [as oncomplete] (internal/fs/read_file_context.js:63:3) {
  methodName: 'constructor'
}
- Connecting...
- Connected
- Connecting...
- Connected
Error: marker was not found
    at decodeScan (/data/data/com.termux/files/home/kick-bot0/node_modules/jpeg-js/lib/decoder.js:344:15)
    at constructor.parse (/data/data/com.termux/files/home/kick-bot0/node_modules/jpeg-js/lib/decoder.js:804:29)
    at Object.decode [as image/jpeg] (/data/data/com.termux/files/home/kick-bot0/node_modules/jpeg-js/lib/decoder.js:1096:11)
    at Jimp.parseBitmap (/data/data/com.termux/files/home/kick-bot0/node_modules/@jimp/core/dist/utils/image-bitmap.js:196:53)
    at Jimp.parseBitmap (/data/data/com.termux/files/home/kick-bot0/node_modules/@jimp/core/dist/index.js:431:32)
    at /data/data/com.termux/files/home/kick-bot0/node_modules/@jimp/core/dist/index.js:373:15
    at FSReqCallback.readFileAfterClose [as oncomplete] (internal/fs/read_file_context.js:63:3) {
  methodName: 'constructor'
}
- Connecting...
- Connected
- Connecting...
- Connected
Error: marker was not found
    at decodeScan (/data/data/com.termux/files/home/kick-bot0/node_modules/jpeg-js/lib/decoder.js:344:15)
    at constructor.parse (/data/data/com.termux/files/home/kick-bot0/node_modules/jpeg-js/lib/decoder.js:804:29)
    at Object.decode [as image/jpeg] (/data/data/com.termux/files/home/kick-bot0/node_modules/jpeg-js/lib/decoder.js:1096:11)
    at Jimp.parseBitmap (/data/data/com.termux/files/home/kick-bot0/node_modules/@jimp/core/dist/utils/image-bitmap.js:196:53)
    at Jimp.parseBitmap (/data/data/com.termux/files/home/kick-bot0/node_modules/@jimp/core/dist/index.js:431:32)
    at /data/data/com.termux/files/home/kick-bot0/node_modules/@jimp/core/dist/index.js:373:15
    at FSReqCallback.readFileAfterClose [as oncomplete] (internal/fs/read_file_context.js:63:3) {
  methodName: 'constructor'
}
- Connecting...
- Connected
Error: marker was not found
    at decodeScan (/data/data/com.termux/files/home/kick-bot0/node_modules/jpeg-js/lib/decoder.js:344:15)
    at constructor.parse (/data/data/com.termux/files/home/kick-bot0/node_modules/jpeg-js/lib/decoder.js:804:29)
    at Object.decode [as image/jpeg] (/data/data/com.termux/files/home/kick-bot0/node_modules/jpeg-js/lib/decoder.js:1096:11)
    at Jimp.parseBitmap (/data/data/com.termux/files/home/kick-bot0/node_modules/@jimp/core/dist/utils/image-bitmap.js:196:53)
    at Jimp.parseBitmap (/data/data/com.termux/files/home/kick-bot0/node_modules/@jimp/core/dist/index.js:431:32)
    at /data/data/com.termux/files/home/kick-bot0/node_modules/@jimp/core/dist/index.js:373:15
    at FSReqCallback.readFileAfterClose [as oncomplete] (internal/fs/read_file_context.js:63:3) {
  methodName: 'constructor'
}
- Connecting...
- Connected
- Connecting...
- Connected
- Connecting...
- Connected
- Connecting...
- Connected
- Connecting...
- Connected
- Connecting...
- Connected
- Connecting...
- Connected
- Connecting...
- Connected
- Connecting...
- Connected
- Connecting...
- Connected
- Connecting...
- Connected
- Connecting...
- Connected
- Connecting...
- Connected
TypeError: Cannot use 'in' operator to search for 'text' in undefined
    at WAConnection.prepareMessageContent (/data/data/com.termux/files/home/kick-bot0/node_modules/@adiwajshing/baileys/lib/WAConnection/6.MessagesSend.js:54:28)
    at WAConnection.prepareMessage (/data/data/com.termux/files/home/kick-bot0/node_modules/@adiwajshing/baileys/lib/WAConnection/6.MessagesSend.js:30:36)
    at WAConnection.sendMessage (/data/data/com.termux/files/home/kick-bot0/node_modules/@adiwajshing/baileys/lib/WAConnection/6.MessagesSend.js:24:38)
    at WAConnection.<anonymous> (/data/data/com.termux/files/home/kick-bot0/index.js:869:13)
    at runMicrotasks (<anonymous>)
    at processTicksAndRejections (internal/process/task_queues.js:93:5)
- Connecting...
- Connected
- Connecting...
- Connected
- Connecting...
- Connected
- Connecting...
- Connected
- Connecting...
- Connected
- Connecting...
- Connected
- Connecting...
- Connected
- Connecting...
- Connected
- Connecting...
- Connected
- Connecting...
- Connected
- Connecting...
- Connected
- Connecting...
- Connected
- Connecting...
- Connected
- Connecting...
- Connected
- Connecting...
- Connected
- Connecting...
- Connected
- Connecting...
- Connected
- Connecting...
- Connected
- Connecting...
- Connected
- Connecting...
- Connected
- Connecting...
- Connected
- Connecting...
- Connected
- Connecting...
- Connected
- Connecting...
- Connected
- Connecting...
- Connected
- Connecting...
- Connected
- Connecting...
- Connected
- Connecting...
- Connected
- Connecting...
- Connected
- Connecting...
- Connected
- Connecting...
- Connected
- Connecting...
- Connected
- Connecting...
- Connected
- Connecting...
- Connected
- Connecting...
- Connected
Error: ENOENT: no such file or directory, open '3295.webp'
    at Object.openSync (fs.js:476:3)
    at Object.readFileSync (fs.js:377:35)
    at FfmpegCommand.<anonymous> (/data/data/com.termux/files/home/kick-bot0/index.js:1177:37)
    at FfmpegCommand.emit (events.js:315:20)
    at emitEnd (/data/data/com.termux/files/home/kick-bot0/node_modules/fluent-ffmpeg/lib/processor.js:426:16)
    at endCB (/data/data/com.termux/files/home/kick-bot0/node_modules/fluent-ffmpeg/lib/processor.js:587:15)
    at handleExit (/data/data/com.termux/files/home/kick-bot0/node_modules/fluent-ffmpeg/lib/processor.js:170:11)
    at ChildProcess.<anonymous> (/data/data/com.termux/files/home/kick-bot0/node_modules/fluent-ffmpeg/lib/processor.js:184:11)
    at ChildProcess.emit (events.js:315:20)
    at Process.ChildProcess._handle.onexit (internal/child_process.js:277:12) {
  errno: -2,
  syscall: 'open',
  code: 'ENOENT',
  path: '3295.webp'
}
- Connecting...
- Connected
- Connecting...
- Connected
Error: ENOENT: no such file or directory, open '1877.webp'
    at Object.openSync (fs.js:476:3)
    at Object.readFileSync (fs.js:377:35)
    at FfmpegCommand.<anonymous> (/data/data/com.termux/files/home/kick-bot0/index.js:1177:37)
    at FfmpegCommand.emit (events.js:315:20)
    at emitEnd (/data/data/com.termux/files/home/kick-bot0/node_modules/fluent-ffmpeg/lib/processor.js:426:16)
    at endCB (/data/data/com.termux/files/home/kick-bot0/node_modules/fluent-ffmpeg/lib/processor.js:587:15)
    at handleExit (/data/data/com.termux/files/home/kick-bot0/node_modules/fluent-ffmpeg/lib/processor.js:170:11)
    at ChildProcess.<anonymous> (/data/data/com.termux/files/home/kick-bot0/node_modules/fluent-ffmpeg/lib/processor.js:184:11)
    at ChildProcess.emit (events.js:315:20)
    at Process.ChildProcess._handle.onexit (internal/child_process.js:277:12) {
  errno: -2,
  syscall: 'open',
  code: 'ENOENT',
  path: '1877.webp'
}
- Connecting...
- Connected
TypeError: Cannot read property 'url' of undefined
    at Object.getStream (/data/data/com.termux/files/home/kick-bot0/node_modules/@adiwajshing/baileys/lib/WAConnection/Utils.js:330:14)
    at Object.encryptedStream (/data/data/com.termux/files/home/kick-bot0/node_modules/@adiwajshing/baileys/lib/WAConnection/Utils.js:379:44)
    at WAConnection.prepareMessageMedia (/data/data/com.termux/files/home/kick-bot0/node_modules/@adiwajshing/baileys/lib/WAConnection/6.MessagesSend.js:119:106)
    at WAConnection.prepareMessageContent (/data/data/com.termux/files/home/kick-bot0/node_modules/@adiwajshing/baileys/lib/WAConnection/6.MessagesSend.js:81:32)
    at WAConnection.prepareMessage (/data/data/com.termux/files/home/kick-bot0/node_modules/@adiwajshing/baileys/lib/WAConnection/6.MessagesSend.js:30:36)
    at WAConnection.sendMessage (/data/data/com.termux/files/home/kick-bot0/node_modules/@adiwajshing/baileys/lib/WAConnection/6.MessagesSend.js:24:38)
    at WAConnection.<anonymous> (/data/data/com.termux/files/home/kick-bot0/index.js:1066:12)
    at processTicksAndRejections (internal/process/task_queues.js:93:5)
- Connecting...
- Connected
- Connecting...
- Connected
TypeError: Cannot use 'in' operator to search for 'text' in undefined
    at WAConnection.prepareMessageContent (/data/data/com.termux/files/home/kick-bot0/node_modules/@adiwajshing/baileys/lib/WAConnection/6.MessagesSend.js:54:28)
    at WAConnection.prepareMessage (/data/data/com.termux/files/home/kick-bot0/node_modules/@adiwajshing/baileys/lib/WAConnection/6.MessagesSend.js:30:36)
    at WAConnection.sendMessage (/data/data/com.termux/files/home/kick-bot0/node_modules/@adiwajshing/baileys/lib/WAConnection/6.MessagesSend.js:24:38)
    at WAConnection.<anonymous> (/data/data/com.termux/files/home/kick-bot0/index.js:869:13)
    at processTicksAndRejections (internal/process/task_queues.js:93:5)
- Connecting...
- Connected
- Connecting...
- Connected
- Connecting...
- Connected
- Connecting...
- Connected
- Connecting...
- Connected
- Connecting...
- Connected
Error: marker was not found
    at decodeScan (/data/data/com.termux/files/home/kick-bot0/node_modules/jpeg-js/lib/decoder.js:344:15)
    at constructor.parse (/data/data/com.termux/files/home/kick-bot0/node_modules/jpeg-js/lib/decoder.js:804:29)
    at Object.decode [as image/jpeg] (/data/data/com.termux/files/home/kick-bot0/node_modules/jpeg-js/lib/decoder.js:1096:11)
    at Jimp.parseBitmap (/data/data/com.termux/files/home/kick-bot0/node_modules/@jimp/core/dist/utils/image-bitmap.js:196:53)
    at Jimp.parseBitmap (/data/data/com.termux/files/home/kick-bot0/node_modules/@jimp/core/dist/index.js:431:32)
    at /data/data/com.termux/files/home/kick-bot0/node_modules/@jimp/core/dist/index.js:373:15
    at FSReqCallback.readFileAfterClose [as oncomplete] (internal/fs/read_file_context.js:63:3) {
  methodName: 'constructor'
}
- Connecting...
- Connected
- Connecting...
- Connected
- Connecting...
- Connected
- Connecting...
- Connected
- Connecting...
Error: Unsupported MIME type: image/webp
    at Jimp.throwError (/data/data/com.termux/files/home/kick-bot0/node_modules/@jimp/utils/dist/index.js:33:13)
    at Jimp.parseBitmap (/data/data/com.termux/files/home/kick-bot0/node_modules/@jimp/core/dist/utils/image-bitmap.js:198:32)
    at Jimp.parseBitmap (/data/data/com.termux/files/home/kick-bot0/node_modules/@jimp/core/dist/index.js:431:32)
    at /data/data/com.termux/files/home/kick-bot0/node_modules/@jimp/core/dist/index.js:373:15
    at FSReqCallback.readFileAfterClose [as oncomplete] (internal/fs/read_file_context.js:63:3) {
  methodName: 'constructor'
}
- Connected
Error: marker was not found
    at decodeScan (/data/data/com.termux/files/home/kick-bot0/node_modules/jpeg-js/lib/decoder.js:344:15)
    at constructor.parse (/data/data/com.termux/files/home/kick-bot0/node_modules/jpeg-js/lib/decoder.js:804:29)
    at Object.decode [as image/jpeg] (/data/data/com.termux/files/home/kick-bot0/node_modules/jpeg-js/lib/decoder.js:1096:11)
    at Jimp.parseBitmap (/data/data/com.termux/files/home/kick-bot0/node_modules/@jimp/core/dist/utils/image-bitmap.js:196:53)
    at Jimp.parseBitmap (/data/data/com.termux/files/home/kick-bot0/node_modules/@jimp/core/dist/index.js:431:32)
    at /data/data/com.termux/files/home/kick-bot0/node_modules/@jimp/core/dist/index.js:373:15
    at FSReqCallback.readFileAfterClose [as oncomplete] (internal/fs/read_file_context.js:63:3) {
  methodName: 'constructor'
}
TypeError: Cannot read property 'url' of undefined
    at Object.getStream (/data/data/com.termux/files/home/kick-bot0/node_modules/@adiwajshing/baileys/lib/WAConnection/Utils.js:330:14)
    at Object.encryptedStream (/data/data/com.termux/files/home/kick-bot0/node_modules/@adiwajshing/baileys/lib/WAConnection/Utils.js:379:44)
    at WAConnection.prepareMessageMedia (/data/data/com.termux/files/home/kick-bot0/node_modules/@adiwajshing/baileys/lib/WAConnection/6.MessagesSend.js:119:106)
    at WAConnection.prepareMessageContent (/data/data/com.termux/files/home/kick-bot0/node_modules/@adiwajshing/baileys/lib/WAConnection/6.MessagesSend.js:81:32)
    at WAConnection.prepareMessage (/data/data/com.termux/files/home/kick-bot0/node_modules/@adiwajshing/baileys/lib/WAConnection/6.MessagesSend.js:30:36)
    at WAConnection.sendMessage (/data/data/com.termux/files/home/kick-bot0/node_modules/@adiwajshing/baileys/lib/WAConnection/6.MessagesSend.js:24:38)
    at WAConnection.<anonymous> (/data/data/com.termux/files/home/kick-bot0/index.js:768:13)
    at runMicrotasks (<anonymous>)
    at processTicksAndRejections (internal/process/task_queues.js:93:5)
Error: marker was not found
    at decodeScan (/data/data/com.termux/files/home/kick-bot0/node_modules/jpeg-js/lib/decoder.js:344:15)
    at constructor.parse (/data/data/com.termux/files/home/kick-bot0/node_modules/jpeg-js/lib/decoder.js:804:29)
    at Object.decode [as image/jpeg] (/data/data/com.termux/files/home/kick-bot0/node_modules/jpeg-js/lib/decoder.js:1096:11)
    at Jimp.parseBitmap (/data/data/com.termux/files/home/kick-bot0/node_modules/@jimp/core/dist/utils/image-bitmap.js:196:53)
    at Jimp.parseBitmap (/data/data/com.termux/files/home/kick-bot0/node_modules/@jimp/core/dist/index.js:431:32)
    at /data/data/com.termux/files/home/kick-bot0/node_modules/@jimp/core/dist/index.js:373:15
    at FSReqCallback.readFileAfterClose [as oncomplete] (internal/fs/read_file_context.js:63:3) {
  methodName: 'constructor'
}
Error: Could not find MIME for Buffer <null>
    at Jimp.parseBitmap (/data/data/com.termux/files/home/kick-bot0/node_modules/@jimp/core/dist/utils/image-bitmap.js:187:15)
    at Jimp.parseBitmap (/data/data/com.termux/files/home/kick-bot0/node_modules/@jimp/core/dist/index.js:431:32)
    at /data/data/com.termux/files/home/kick-bot0/node_modules/@jimp/core/dist/index.js:373:15
    at FSReqCallback.readFileAfterClose [as oncomplete] (internal/fs/read_file_context.js:63:3) {
  methodName: 'constructor'
}
- Connecting...
- Connected
- Connecting...
- Connected
- Connecting...
- Connected
Error: marker was not found
    at decodeScan (/data/data/com.termux/files/home/kick-bot0/node_modules/jpeg-js/lib/decoder.js:344:15)
    at constructor.parse (/data/data/com.termux/files/home/kick-bot0/node_modules/jpeg-js/lib/decoder.js:804:29)
    at Object.decode [as image/jpeg] (/data/data/com.termux/files/home/kick-bot0/node_modules/jpeg-js/lib/decoder.js:1096:11)
    at Jimp.parseBitmap (/data/data/com.termux/files/home/kick-bot0/node_modules/@jimp/core/dist/utils/image-bitmap.js:196:53)
    at Jimp.parseBitmap (/data/data/com.termux/files/home/kick-bot0/node_modules/@jimp/core/dist/index.js:431:32)
    at /data/data/com.termux/files/home/kick-bot0/node_modules/@jimp/core/dist/index.js:373:15
    at FSReqCallback.readFileAfterClose [as oncomplete] (internal/fs/read_file_context.js:63:3) {
  methodName: 'constructor'
}
- Connecting...
- Connected
- Connecting...
- Connected
- Connecting...
- Connected
- Connecting...
- Connected
- Connecting...
- Connected
- Connecting...
- Connected
- Connecting...
- Connected
- Connecting...
- Connected
- Connecting...
- Connected
- Connecting...
- Connected
- Connecting...
- Connected
- Connecting...
- Connected
- Connecting...
- Connected
- Connecting...
- Connected
- Connecting...
- Connected
- Connecting...
- Connected
- Connecting...
- Connected
- Connecting...
- Connected
- Connecting...
- Connected
- Connecting...
- Connected
- Connecting...
- Connected
- Connecting...
- Connected
- Connecting...
- Connected
- Connecting...
- Connected
- Connecting...
- Connected
- Connecting...
- Connected
- Connecting...
- Connected
- Connecting...
- Connected
- Connecting...
- Connected
- Connecting...
- Connected
- Connecting...
- Connected
- Connecting...
- Connected
- Connecting...
- Connected
- Connecting...
- Connected
- Connecting...
- Connected
- Connecting...
- Connected
- Connecting...
- Connected
- Connecting...
- Connected
- Connecting...
- Connected
- Connecting...
- Connected
- Connecting...
- Connected
- Connecting...
- Connected
- Connecting...
- Connected
- Connecting...
- Connected
- Connecting...
- Connected
- Connecting...
- Connected
- Connecting...
- Connected
- Connecting...
- Connected
- Connecting...
- Connected
- Connecting...
- Connected
- Connecting...
- Connected
- Connecting...
- Connected
- Connecting...
- Connected
- Connecting...
- Connected
- Connecting...
- Connected
- Connecting...
- Connected
- Connecting...
- Connected
- Connecting...
- Connected
- Connecting...
- Connected
- Connecting...
- Connected
- Connecting...
- Connected
- Connecting...
- Connected
- Connecting...
- Connected
- Connecting...
- Connected
- Connecting...
- Connected
- Connecting...
- Connected
- Connecting...
- Connected
- Connecting...
- Connected
- Connecting...
- Connected
- Connecting...
- Connected
- Connecting...
- Connected
- Connecting...
- Connected
- Connecting...
- Connected
- Connecting...
- Connected
- Connecting...
- Connected
- Connecting...
- Connected
- Connecting...
- Connected
- Connecting...
- Connected
- Connecting...
- Connected
- Connecting...
- Connected
- Connecting...
- Connected
- Connecting...
- Connected
- Connecting...
- Connected
- Connecting...
- Connected
- Connecting...
- Connected
- Connecting...
- Connected
- Connecting...
- Connected
- Connecting...
- Connected
- Connecting...
- Connected
- Connecting...
- Connected
- Connecting...
- Connected
- Connecting...
- Connected
BaileysError: Not expecting a response
    at onErr (/data/data/com.termux/files/home/kick-bot0/node_modules/@adiwajshing/baileys/lib/WAConnection/0.Base.js:186:56)
    at /data/data/com.termux/files/home/kick-bot0/node_modules/@adiwajshing/baileys/lib/WAConnection/0.Base.js:181:82
    at Timeout.<anonymous> (/data/data/com.termux/files/home/kick-bot0/node_modules/@adiwajshing/baileys/lib/WAConnection/0.Base.js:268:21)
    at listOnTimeout (internal/timers.js:554:17)
    at processTimers (internal/timers.js:497:7) {
  status: 422,
  context: { status: 422 }
}
- Connecting...
- Connected
- Connecting...
- Connected
- Connecting...
- Connected
- Connecting...
- Connected
- Connecting...
- Connected
- Connecting...
- Connected
- Connecting...
- Connected
- Connecting...
- Connected
- Connecting...
- Connected
- Connecting...
- Connected
- Connecting...
- Connected
- Connecting...
- Connected
- Connecting...
- Connected
- Connecting...
- Connected
- Connecting...
- Connected
- Connecting...
- Connected
- Connecting...
- Connected
- Connecting...
- Connected
- Connecting...
- Connected
- Connecting...
- Connected
- Connecting...
- Connected
- Connecting...
- Connected
- Connecting...
- Connected
Error: Media upload failed on all hosts
    at WAConnection.prepareMessageMedia (/data/data/com.termux/files/home/kick-bot0/node_modules/@adiwajshing/baileys/lib/WAConnection/6.MessagesSend.js:159:19)
    at runMicrotasks (<anonymous>)
    at processTicksAndRejections (internal/process/task_queues.js:93:5)
    at async WAConnection.prepareMessageContent (/data/data/com.termux/files/home/kick-bot0/node_modules/@adiwajshing/baileys/lib/WAConnection/6.MessagesSend.js:81:21)
    at async WAConnection.prepareMessage (/data/data/com.termux/files/home/kick-bot0/node_modules/@adiwajshing/baileys/lib/WAConnection/6.MessagesSend.js:30:25)
    at async WAConnection.sendMessage (/data/data/com.termux/files/home/kick-bot0/node_modules/@adiwajshing/baileys/lib/WAConnection/6.MessagesSend.js:24:27)
- Connecting...
- Connected
- Connecting...
- Connected
- Connecting...
- Connected
TypeError: Cannot read property 'url' of undefined
    at Object.getStream (/data/data/com.termux/files/home/kick-bot0/node_modules/@adiwajshing/baileys/lib/WAConnection/Utils.js:330:14)
    at Object.encryptedStream (/data/data/com.termux/files/home/kick-bot0/node_modules/@adiwajshing/baileys/lib/WAConnection/Utils.js:379:44)
    at WAConnection.prepareMessageMedia (/data/data/com.termux/files/home/kick-bot0/node_modules/@adiwajshing/baileys/lib/WAConnection/6.MessagesSend.js:119:106)
    at WAConnection.prepareMessageContent (/data/data/com.termux/files/home/kick-bot0/node_modules/@adiwajshing/baileys/lib/WAConnection/6.MessagesSend.js:81:32)
    at WAConnection.prepareMessage (/data/data/com.termux/files/home/kick-bot0/node_modules/@adiwajshing/baileys/lib/WAConnection/6.MessagesSend.js:30:36)
    at WAConnection.sendMessage (/data/data/com.termux/files/home/kick-bot0/node_modules/@adiwajshing/baileys/lib/WAConnection/6.MessagesSend.js:24:38)
    at WAConnection.<anonymous> (/data/data/com.termux/files/home/kick-bot0/index.js:588:13)
    at runMicrotasks (<anonymous>)
    at processTicksAndRejections (internal/process/task_queues.js:93:5)
TypeError: Cannot read property 'url' of undefined
    at Object.getStream (/data/data/com.termux/files/home/kick-bot0/node_modules/@adiwajshing/baileys/lib/WAConnection/Utils.js:330:14)
    at Object.encryptedStream (/data/data/com.termux/files/home/kick-bot0/node_modules/@adiwajshing/baileys/lib/WAConnection/Utils.js:379:44)
    at WAConnection.prepareMessageMedia (/data/data/com.termux/files/home/kick-bot0/node_modules/@adiwajshing/baileys/lib/WAConnection/6.MessagesSend.js:119:106)
    at WAConnection.prepareMessageContent (/data/data/com.termux/files/home/kick-bot0/node_modules/@adiwajshing/baileys/lib/WAConnection/6.MessagesSend.js:81:32)
    at WAConnection.prepareMessage (/data/data/com.termux/files/home/kick-bot0/node_modules/@adiwajshing/baileys/lib/WAConnection/6.MessagesSend.js:30:36)
    at WAConnection.sendMessage (/data/data/com.termux/files/home/kick-bot0/node_modules/@adiwajshing/baileys/lib/WAConnection/6.MessagesSend.js:24:38)
    at WAConnection.<anonymous> (/data/data/com.termux/files/home/kick-bot0/index.js:590:13)
    at runMicrotasks (<anonymous>)
    at processTicksAndRejections (internal/process/task_queues.js:93:5)
- Connecting...
- Connected
- Connecting...
- Connected
- Connecting...
- Connected
- Connecting...
- Connected
- Connecting...
- Connected
- Connecting...
- Connected
- Connecting...
- Connected
- Connecting...
- Connected
- Connecting...
- Connected
- Connecting...
- Connected
- Connecting...
- Connected
- Connecting...
- Connected
- Connecting...
- Connected
- Connecting...
- Connected
- Connecting...
- Connected
- Connecting...
- Connected
- Connecting...
- Connected
- Connecting...
- Connected
- Connecting...
- Connected
- Connecting...
- Connected
- Connecting...
- Connected
- Connecting...
- Connected
- Connecting...
- Connecting...
Error: lost
    at WAConnection.rejectAllOnWSClose (/data/data/com.termux/files/home/kick-bot0/node_modules/@adiwajshing/baileys/lib/WAConnection/3.Connect.js:79:62)
    at WAConnection.emit (events.js:327:22)
    at WAConnection.emit (/data/data/com.termux/files/home/kick-bot0/node_modules/@adiwajshing/baileys/lib/WAConnection/4.Events.js:622:41)
    at WAConnection.endConnection (/data/data/com.termux/files/home/kick-bot0/node_modules/@adiwajshing/baileys/lib/WAConnection/0.Base.js:413:14)
    at WAConnection.unexpectedDisconnect (/data/data/com.termux/files/home/kick-bot0/node_modules/@adiwajshing/baileys/lib/WAConnection/0.Base.js:109:18)
    at Timeout.<anonymous> (/data/data/com.termux/files/home/kick-bot0/node_modules/@adiwajshing/baileys/lib/WAConnection/3.Connect.js:201:22)
    at listOnTimeout (internal/timers.js:554:17)
    at processTimers (internal/timers.js:497:7)
- Connecting...
Error: lost
    at WAConnection.rejectAllOnWSClose (/data/data/com.termux/files/home/kick-bot0/node_modules/@adiwajshing/baileys/lib/WAConnection/3.Connect.js:79:62)
    at WAConnection.emit (events.js:327:22)
    at WAConnection.emit (/data/data/com.termux/files/home/kick-bot0/node_modules/@adiwajshing/baileys/lib/WAConnection/4.Events.js:622:41)
    at WAConnection.endConnection (/data/data/com.termux/files/home/kick-bot0/node_modules/@adiwajshing/baileys/lib/WAConnection/0.Base.js:413:14)
    at WAConnection.unexpectedDisconnect (/data/data/com.termux/files/home/kick-bot0/node_modules/@adiwajshing/baileys/lib/WAConnection/0.Base.js:109:18)
    at Timeout.<anonymous> (/data/data/com.termux/files/home/kick-bot0/node_modules/@adiwajshing/baileys/lib/WAConnection/3.Connect.js:201:22)
    at listOnTimeout (internal/timers.js:554:17)
    at processTimers (internal/timers.js:497:7)
- Connecting...
Error: lost
    at WAConnection.rejectAllOnWSClose (/data/data/com.termux/files/home/kick-bot0/node_modules/@adiwajshing/baileys/lib/WAConnection/3.Connect.js:79:62)
    at WAConnection.emit (events.js:327:22)
    at WAConnection.emit (/data/data/com.termux/files/home/kick-bot0/node_modules/@adiwajshing/baileys/lib/WAConnection/4.Events.js:622:41)
    at WAConnection.endConnection (/data/data/com.termux/files/home/kick-bot0/node_modules/@adiwajshing/baileys/lib/WAConnection/0.Base.js:413:14)
    at WAConnection.unexpectedDisconnect (/data/data/com.termux/files/home/kick-bot0/node_modules/@adiwajshing/baileys/lib/WAConnection/0.Base.js:109:18)
    at Timeout.<anonymous> (/data/data/com.termux/files/home/kick-bot0/node_modules/@adiwajshing/baileys/lib/WAConnection/3.Connect.js:201:22)
    at listOnTimeout (internal/timers.js:554:17)
    at processTimers (internal/timers.js:497:7)
- Connecting...
Error: lost
    at WAConnection.rejectAllOnWSClose (/data/data/com.termux/files/home/kick-bot0/node_modules/@adiwajshing/baileys/lib/WAConnection/3.Connect.js:79:62)
    at WAConnection.emit (events.js:327:22)
    at WAConnection.emit (/data/data/com.termux/files/home/kick-bot0/node_modules/@adiwajshing/baileys/lib/WAConnection/4.Events.js:622:41)
    at WAConnection.endConnection (/data/data/com.termux/files/home/kick-bot0/node_modules/@adiwajshing/baileys/lib/WAConnection/0.Base.js:413:14)
    at WAConnection.unexpectedDisconnect (/data/data/com.termux/files/home/kick-bot0/node_modules/@adiwajshing/baileys/lib/WAConnection/0.Base.js:109:18)
    at Timeout.<anonymous> (/data/data/com.termux/files/home/kick-bot0/node_modules/@adiwajshing/baileys/lib/WAConnection/3.Connect.js:201:22)
    at listOnTimeout (internal/timers.js:554:17)
    at processTimers (internal/timers.js:497:7)
- Connecting...
- Connected
- Connecting...
- Connected
TypeError: Cannot read property 'key' of undefined
    at Object.WA_MESSAGE_ID (/data/data/com.termux/files/home/kick-bot0/node_modules/@adiwajshing/baileys/lib/WAConnection/Utils.js:62:55)
    at /data/data/com.termux/files/home/kick-bot0/node_modules/@adiwajshing/baileys/lib/WAConnection/Utils.js:72:43
    at Array.forEach (<anonymous>)
    at Object.newMessagesDB (/data/data/com.termux/files/home/kick-bot0/node_modules/@adiwajshing/baileys/lib/WAConnection/Utils.js:72:14)
    at /data/data/com.termux/files/home/kick-bot0/node_modules/@adiwajshing/baileys/lib/WAConnection/4.Events.js:152:49
    at Array.map (<anonymous>)
    at Timeout.onLastBatchOfDataReceived [as _onTimeout] (/data/data/com.termux/files/home/kick-bot0/node_modules/@adiwajshing/baileys/lib/WAConnection/4.Events.js:144:68)
    at listOnTimeout (internal/timers.js:554:17)
    at processTimers (internal/timers.js:497:7)
- Connecting...
- Connected
- Connecting...
- Connected
- Connecting...
- Connected
- Connecting...
- Connected
- Connecting...
- Connected
- Connecting...
- Connected
- Connecting...
- Connected
- Connecting...
- Connected
- Connecting...
- Connected
- Connecting...
- Connected
- Connecting...
- Connected
- Connecting...
- Connected
- Connecting...
- Connected
- Connecting...
- Connected
- Connecting...
- Connected
- Connecting...
- Connected
- Connecting...
- Connected
- Connecting...
- Connected
- Connecting...
- Connected
- Connecting...
- Connected
- Connecting...
- Connected
- Connecting...
- Connected
- Connecting...
- Connected
- Connecting...
- Connected
- Connecting...
- Connected
- Connecting...
- Connected
- Connecting...
- Connected
- Connecting...
- Connected
- Connecting...
- Connected
- Connecting...
- Connected
- Connecting...
- Connected
- Connecting...
- Connected
- Connecting...
- Connected
- Connecting...
- Connected
- Connecting...
- Connected
- Connecting...
- Connected
- Connecting...
- Connected
- Connecting...
- Connected
- Connecting...
- Connected
- Connecting...
- Connected
- Connecting...
- Connected
- Connecting...
- Connected
- Connecting...
- Connected
- Connecting...
- Connected
- Connecting...
- Connected
- Connecting...
- Connected
- Connecting...
- Connected
- Connecting...
- Connected
TypeError: jid.replace is not a function
    at Object.whatsappID (/data/data/com.termux/files/home/kick-bot0/node_modules/@adiwajshing/baileys/lib/WAConnection/Utils.js:66:75)
    at WAConnection.prepareMessageFromContent (/data/data/com.termux/files/home/kick-bot0/node_modules/@adiwajshing/baileys/lib/WAConnection/6.MessagesSend.js:184:22)
    at WAConnection.prepareMessage (/data/data/com.termux/files/home/kick-bot0/node_modules/@adiwajshing/baileys/lib/WAConnection/6.MessagesSend.js:31:38)
    at runMicrotasks (<anonymous>)
    at processTicksAndRejections (internal/process/task_queues.js:93:5)
    at async WAConnection.sendMessage (/data/data/com.termux/files/home/kick-bot0/node_modules/@adiwajshing/baileys/lib/WAConnection/6.MessagesSend.js:24:27)
- Connecting...
- Connected
- Connecting...
- Connected
- Connecting...
- Connected
- Connecting...
- Connected
- Connecting...
- Connected
- Connecting...
- Connected
- Connecting...
- Connected
- Connecting...
- Connected
- Connecting...
- Connected
- Connecting...
- Connected
- Connecting...
- Connected
TypeError: Cannot read property 'url' of undefined
    at Object.getStream (/data/data/com.termux/files/home/kick-bot0/node_modules/@adiwajshing/baileys/lib/WAConnection/Utils.js:330:14)
    at Object.encryptedStream (/data/data/com.termux/files/home/kick-bot0/node_modules/@adiwajshing/baileys/lib/WAConnection/Utils.js:379:44)
    at WAConnection.prepareMessageMedia (/data/data/com.termux/files/home/kick-bot0/node_modules/@adiwajshing/baileys/lib/WAConnection/6.MessagesSend.js:119:106)
    at WAConnection.prepareMessageContent (/data/data/com.termux/files/home/kick-bot0/node_modules/@adiwajshing/baileys/lib/WAConnection/6.MessagesSend.js:81:32)
    at WAConnection.prepareMessage (/data/data/com.termux/files/home/kick-bot0/node_modules/@adiwajshing/baileys/lib/WAConnection/6.MessagesSend.js:30:36)
    at WAConnection.sendMessage (/data/data/com.termux/files/home/kick-bot0/node_modules/@adiwajshing/baileys/lib/WAConnection/6.MessagesSend.js:24:38)
    at WAConnection.<anonymous> (/data/data/com.termux/files/home/kick-bot0/index.js:665:13)
    at runMicrotasks (<anonymous>)
    at processTicksAndRejections (internal/process/task_queues.js:93:5)
- Connecting...
- Connected
TypeError: Cannot read property 'url' of undefined
    at Object.getStream (/data/data/com.termux/files/home/kick-bot0/node_modules/@adiwajshing/baileys/lib/WAConnection/Utils.js:330:14)
    at Object.encryptedStream (/data/data/com.termux/files/home/kick-bot0/node_modules/@adiwajshing/baileys/lib/WAConnection/Utils.js:379:44)
    at WAConnection.prepareMessageMedia (/data/data/com.termux/files/home/kick-bot0/node_modules/@adiwajshing/baileys/lib/WAConnection/6.MessagesSend.js:119:106)
    at WAConnection.prepareMessageContent (/data/data/com.termux/files/home/kick-bot0/node_modules/@adiwajshing/baileys/lib/WAConnection/6.MessagesSend.js:81:32)
    at WAConnection.prepareMessage (/data/data/com.termux/files/home/kick-bot0/node_modules/@adiwajshing/baileys/lib/WAConnection/6.MessagesSend.js:30:36)
    at WAConnection.sendMessage (/data/data/com.termux/files/home/kick-bot0/node_modules/@adiwajshing/baileys/lib/WAConnection/6.MessagesSend.js:24:38)
    at WAConnection.<anonymous> (/data/data/com.termux/files/home/kick-bot0/index.js:665:13)
    at runMicrotasks (<anonymous>)
    at processTicksAndRejections (internal/process/task_queues.js:93:5)
- Connecting...
- Connected
TypeError: Cannot read property 'key' of undefined
    at Object.WA_MESSAGE_ID (/data/data/com.termux/files/home/kick-bot0/node_modules/@adiwajshing/baileys/lib/WAConnection/Utils.js:62:55)
    at /data/data/com.termux/files/home/kick-bot0/node_modules/@adiwajshing/baileys/lib/WAConnection/Utils.js:72:43
    at Array.forEach (<anonymous>)
    at Object.newMessagesDB (/data/data/com.termux/files/home/kick-bot0/node_modules/@adiwajshing/baileys/lib/WAConnection/Utils.js:72:14)
    at /data/data/com.termux/files/home/kick-bot0/node_modules/@adiwajshing/baileys/lib/WAConnection/4.Events.js:152:49
    at Array.map (<anonymous>)
    at Timeout.onLastBatchOfDataReceived [as _onTimeout] (/data/data/com.termux/files/home/kick-bot0/node_modules/@adiwajshing/baileys/lib/WAConnection/4.Events.js:144:68)
    at listOnTimeout (internal/timers.js:554:17)
    at processTimers (internal/timers.js:497:7)
- Connecting...
- Connected
- Connecting...
- Connected
- Connecting...
- Connected
- Connecting...
- Connected
- Connecting...
- Connected
- Connecting...
- Connected
- Connecting...
- Connected
- Connecting...
- Connected
- Connecting...
- Connected
- Connecting...
- Connected
- Connecting...
- Connected
- Connecting...
- Connected
- Connecting...
- Connected
- Connecting...
- Connected
- Connecting...
- Connected
- Connecting...
- Connected
- Connecting...
- Connected
BaileysError: Not expecting a response
    at onErr (/data/data/com.termux/files/home/kick-bot0/node_modules/@adiwajshing/baileys/lib/WAConnection/0.Base.js:186:56)
    at /data/data/com.termux/files/home/kick-bot0/node_modules/@adiwajshing/baileys/lib/WAConnection/0.Base.js:181:82
    at Timeout.<anonymous> (/data/data/com.termux/files/home/kick-bot0/node_modules/@adiwajshing/baileys/lib/WAConnection/0.Base.js:268:21)
    at listOnTimeout (internal/timers.js:554:17)
    at processTimers (internal/timers.js:497:7) {
  status: 422,
  context: { status: 422 }
}
- Connecting...
- Connected
- Connecting...
- Connected
- Connecting...
- Connected
- Connecting...
- Connected
- Connecting...
- Connected
- Connecting...
- Connected
- Connecting...
- Connected
- Connecting...
- Connected
- Connecting...
- Connected
- Connecting...
- Connected
- Connecting...
- Connected
- Connecting...
- Connected
- Connecting...
- Connected
- Connecting...
- Connected
- Connecting...
- Connected
- Connecting...
- Connected
- Connecting...
- Connected
- Connecting...
- Connected
- Connecting...
- Connected
- Connecting...
- Connected
- Connecting...
- Connected
- Connecting...
- Connected
- Connecting...
- Connected
- Connecting...
- Connected
- Connecting...
- Connected
TypeError: jid.replace is not a function
    at Object.whatsappID (/data/data/com.termux/files/home/kick-bot0/node_modules/@adiwajshing/baileys/lib/WAConnection/Utils.js:66:75)
    at WAConnection.prepareMessageFromContent (/data/data/com.termux/files/home/kick-bot0/node_modules/@adiwajshing/baileys/lib/WAConnection/6.MessagesSend.js:184:22)
    at WAConnection.prepareMessage (/data/data/com.termux/files/home/kick-bot0/node_modules/@adiwajshing/baileys/lib/WAConnection/6.MessagesSend.js:31:38)
    at runMicrotasks (<anonymous>)
    at processTicksAndRejections (internal/process/task_queues.js:93:5)
    at async WAConnection.sendMessage (/data/data/com.termux/files/home/kick-bot0/node_modules/@adiwajshing/baileys/lib/WAConnection/6.MessagesSend.js:24:27)
- Connecting...
- Connected
- Connecting...
- Connected
- Connecting...
- Connected
- Connecting...
- Connected
- Connecting...
- Connected
TypeError: jid.replace is not a function
    at Object.whatsappID (/data/data/com.termux/files/home/kick-bot0/node_modules/@adiwajshing/baileys/lib/WAConnection/Utils.js:66:75)
    at WAConnection.prepareMessageFromContent (/data/data/com.termux/files/home/kick-bot0/node_modules/@adiwajshing/baileys/lib/WAConnection/6.MessagesSend.js:184:22)
    at WAConnection.prepareMessage (/data/data/com.termux/files/home/kick-bot0/node_modules/@adiwajshing/baileys/lib/WAConnection/6.MessagesSend.js:31:38)
    at runMicrotasks (<anonymous>)
    at processTicksAndRejections (internal/process/task_queues.js:93:5)
    at async WAConnection.sendMessage (/data/data/com.termux/files/home/kick-bot0/node_modules/@adiwajshing/baileys/lib/WAConnection/6.MessagesSend.js:24:27)
- Connecting...
- Connected
- Connecting...
- Connected
- Connecting...
- Connected
- Connecting...
- Connected
- Connecting...
- Connected
- Connecting...
- Connected
- Connecting...
- Connected
- Connecting...
- Connected
TypeError: Cannot read property 'key' of undefined
    at Object.WA_MESSAGE_ID (/data/data/com.termux/files/home/kick-bot0/node_modules/@adiwajshing/baileys/lib/WAConnection/Utils.js:62:55)
    at /data/data/com.termux/files/home/kick-bot0/node_modules/@adiwajshing/baileys/lib/WAConnection/Utils.js:72:43
    at Array.forEach (<anonymous>)
    at Object.newMessagesDB (/data/data/com.termux/files/home/kick-bot0/node_modules/@adiwajshing/baileys/lib/WAConnection/Utils.js:72:14)
    at /data/data/com.termux/files/home/kick-bot0/node_modules/@adiwajshing/baileys/lib/WAConnection/4.Events.js:152:49
    at Array.map (<anonymous>)
    at Timeout.onLastBatchOfDataReceived [as _onTimeout] (/data/data/com.termux/files/home/kick-bot0/node_modules/@adiwajshing/baileys/lib/WAConnection/4.Events.js:144:68)
    at listOnTimeout (internal/timers.js:554:17)
    at processTimers (internal/timers.js:497:7)
- Connecting...
- Connected
- Connecting...
- Connected
- Connecting...
- Connected
- Connecting...
- Connected
- Connecting...
- Connected
- Connecting...
- Connected
- Connecting...
Error: Media upload failed on all hosts
    at WAConnection.prepareMessageMedia (/data/data/com.termux/files/home/kick-bot0/node_modules/@adiwajshing/baileys/lib/WAConnection/6.MessagesSend.js:159:19)
    at runMicrotasks (<anonymous>)
    at processTicksAndRejections (internal/process/task_queues.js:93:5)
    at async WAConnection.prepareMessageContent (/data/data/com.termux/files/home/kick-bot0/node_modules/@adiwajshing/baileys/lib/WAConnection/6.MessagesSend.js:81:21)
    at async WAConnection.prepareMessage (/data/data/com.termux/files/home/kick-bot0/node_modules/@adiwajshing/baileys/lib/WAConnection/6.MessagesSend.js:30:25)
    at async WAConnection.sendMessage (/data/data/com.termux/files/home/kick-bot0/node_modules/@adiwajshing/baileys/lib/WAConnection/6.MessagesSend.js:24:27)
- Connecting...
- Connected
- Connecting...
- Connected
- Connecting...
- Connected
- Connecting...
- Connected
- Connecting...
- Connected
- Connecting...
- Connected
- Connecting...
- Connected
- Connecting...
- Connected
- Connecting...
- Connected
- Connecting...
- Connected
- Connecting...
- Connected
- Connecting...
TypeError: Cannot read property 'url' of undefined
    at Object.getStream (/data/data/com.termux/files/home/kick-bot6/node_modules/@adiwajshing/baileys/lib/WAConnection/Utils.js:330:14)
    at Object.encryptedStream (/data/data/com.termux/files/home/kick-bot6/node_modules/@adiwajshing/baileys/lib/WAConnection/Utils.js:379:44)
    at WAConnection.prepareMessageMedia (/data/data/com.termux/files/home/kick-bot6/node_modules/@adiwajshing/baileys/lib/WAConnection/6.MessagesSend.js:119:106)
    at WAConnection.prepareMessageContent (/data/data/com.termux/files/home/kick-bot6/node_modules/@adiwajshing/baileys/lib/WAConnection/6.MessagesSend.js:81:32)
    at WAConnection.prepareMessage (/data/data/com.termux/files/home/kick-bot6/node_modules/@adiwajshing/baileys/lib/WAConnection/6.MessagesSend.js:30:36)
    at WAConnection.sendMessage (/data/data/com.termux/files/home/kick-bot6/node_modules/@adiwajshing/baileys/lib/WAConnection/6.MessagesSend.js:24:38)
    at WAConnection.<anonymous> (/data/data/com.termux/files/home/kick-bot6/index.js:1066:12)
    at runMicrotasks (<anonymous>)
    at processTicksAndRejections (internal/process/task_queues.js:93:5)
- Connected
- Connecting...
- Connected
- Connecting...
- Connected
- Connecting...
- Connected
- Connecting...
- Connected
- Connecting...
- Connected
- Connecting...
- Connected
- Connecting...
- Connected
- Connecting...
- Connected
- Connecting...
- Connected
- Connecting...
- Connected
- Connecting...
- Connected
- Connecting...
- Connected
- Connecting...
- Connected
- Connecting...
- Connected
- Connecting...
- Connected
- Connecting...
- Connected
- Connecting...
- Connected
- Connecting...
- Connected
- Connecting...
- Connected
- Connecting...
- Connected
- Connecting...
- Connected
- Connecting...
- Connected
- Connecting...
- Connected
- Connecting...
- Connected
- Connecting...
- Connected
- Connecting...
- Connected
- Connecting...
- Connected
- Connecting...
- Connected
Error: marker was not found
    at decodeScan (/data/data/com.termux/files/home/kick-bot6/node_modules/jpeg-js/lib/decoder.js:344:15)
    at constructor.parse (/data/data/com.termux/files/home/kick-bot6/node_modules/jpeg-js/lib/decoder.js:804:29)
    at Object.decode [as image/jpeg] (/data/data/com.termux/files/home/kick-bot6/node_modules/jpeg-js/lib/decoder.js:1096:11)
    at Jimp.parseBitmap (/data/data/com.termux/files/home/kick-bot6/node_modules/@jimp/core/dist/utils/image-bitmap.js:196:53)
    at Jimp.parseBitmap (/data/data/com.termux/files/home/kick-bot6/node_modules/@jimp/core/dist/index.js:431:32)
    at /data/data/com.termux/files/home/kick-bot6/node_modules/@jimp/core/dist/index.js:373:15
    at FSReqCallback.readFileAfterClose [as oncomplete] (internal/fs/read_file_context.js:63:3) {
  methodName: 'constructor'
}
Error: marker was not found
    at decodeScan (/data/data/com.termux/files/home/kick-bot6/node_modules/jpeg-js/lib/decoder.js:344:15)
    at constructor.parse (/data/data/com.termux/files/home/kick-bot6/node_modules/jpeg-js/lib/decoder.js:804:29)
    at Object.decode [as image/jpeg] (/data/data/com.termux/files/home/kick-bot6/node_modules/jpeg-js/lib/decoder.js:1096:11)
    at Jimp.parseBitmap (/data/data/com.termux/files/home/kick-bot6/node_modules/@jimp/core/dist/utils/image-bitmap.js:196:53)
    at Jimp.parseBitmap (/data/data/com.termux/files/home/kick-bot6/node_modules/@jimp/core/dist/index.js:431:32)
    at /data/data/com.termux/files/home/kick-bot6/node_modules/@jimp/core/dist/index.js:373:15
    at FSReqCallback.readFileAfterClose [as oncomplete] (internal/fs/read_file_context.js:63:3) {
  methodName: 'constructor'
}
- Connecting...
- Connected
- Connecting...
- Connected
- Connecting...
- Connected
- Connecting...
- Connected
- Connecting...
- Connected
- Connecting...
- Connected
- Connecting...
- Connected
- Connecting...
- Connected
- Connecting...
- Connected
- Connecting...
- Connected
- Connecting...
- Connected
- Connecting...
- Connected
- Connecting...
- Connected
- Connecting...
- Connected
- Connecting...
- Connected
- Connecting...
- Connected
- Connecting...
- Connected
- Connecting...
- Connected
- Connecting...
- Connected
- Connecting...
- Connected
- Connecting...
- Connected
- Connecting...
- Connected
- Connecting...
- Connected
- Connecting...
- Connected
- Connecting...
- Connected
- Connecting...
- Connected
- Connecting...
- Connected
- Connecting...
- Connected
- Connecting...
- Connected
- Connecting...
- Connected
- Connecting...
- Connected
- Connecting...
- Connected
- Connecting...
- Connected
- Connecting...
- Connected
- Connecting...
- Connected
- Connecting...
- Connected
- Connecting...
- Connected
- Connecting...
- Connected
- Connecting...
- Connected
- Connecting...
- Connected
- Connecting...
- Connected
- Connecting...
- Connected
- Connecting...
- Connected
- Connecting...
- Connected
- Connecting...
- Connected
- Connecting...
- Connected
- Connecting...
- Connected
- Connecting...
- Connected
- Connecting...
- Connected
- Connecting...
- Connected
- Connecting...
- Connected
- Connecting...
- Connected
- Connecting...
- Connected
- Connecting...
- Connected
- Connecting...
- Connected
- Connecting...
- Connected
- Connecting...
- Connected
- Connecting...
- Connected
- Connecting...
- Connected
- Connecting...
- Connected
- Connecting...
- Connected
- Connecting...
- Connected
- Connecting...
- Connected
- Connecting...
- Connected
- Connecting...
- Connected
- Connecting...
- Connected
- Connecting...
- Connected
- Connecting...
- Connected
- Connecting...
- Connected
- Connecting...
- Connected
- Connecting...
- Connected
- Connecting...
- Connected
- Connecting...
- Connected
- Connecting...
- Connected
- Connecting...
- Connected
- Connecting...
- Connected
- Connecting...
- Connected
- Connecting...
- Connected
- Connecting...
- Connected
- Connecting...
- Connected
- Connecting...
- Connected
- Connecting...
- Connected
- Connecting...
- Connected
- Connecting...
- Connected
- Connecting...
- Connected
- Connecting...
- Connected
- Connecting...
- Connected
- Connecting...
- Connected
- Connecting...
- Connected
- Connecting...
- Connected
- Connecting...
- Connected
- Connecting...
- Connected
- Connecting...
- Connected
- Connecting...
- Connected
- Connecting...
- Connected
- Connecting...
- Connected
- Connecting...
- Connected
- Connecting...
- Connected
- Connecting...
- Connected
- Connecting...
- Connected
- Connecting...
- Connected
- Connecting...
- Connected
- Connecting...
- Connected
- Connecting...
- Connected
- Connecting...
- Connected
- Connecting...
- Connected
- Connecting...
- Connected
- Connecting...
- Connected
- Connecting...
- Connected
- Connecting...
- Connected
- Connecting...
- Connected
- Connecting...
- Connected
- Connecting...
- Connected
- Connecting...
- Connected
- Connecting...
- Connected
- Connecting...
- Connected
- Connecting...
- Connected
- Connecting...
- Connected
- Connecting...
- Connected
- Connecting...
- Connected
- Connecting...
- Connected
- Connecting...
- Connected
- Connecting...
- Connected
- Connecting...
- Connected
- Connecting...
- Connected
- Connecting...
- Connected
- Connecting...
- Connected
- Connecting...
- Connected
- Connecting...
- Connected
- Connecting...
- Connected
- Connecting...
- Connected
- Connecting...
- Connected
- Connecting...
- Connected
- Connecting...
- Connected
- Connecting...
- Connected
- Connecting...
- Connected
- Connecting...
- Connected
- Connecting...
- Connected
- Connecting...
- Connected
- Connecting...
- Connected
- Connecting...
- Connected
- Connecting...
- Connected
- Connecting...
- Connected
- Connecting...
- Connected
- Connecting...
- Connected
- Connecting...
- Connected
- Connecting...
- Connected
- Connecting...
- Connected
- Connecting...
- Connected
- Connecting...
- Connected
- Connecting...
- Connected
- Connecting...
- Connected
- Connecting...
- Connected
- Connecting...
- Connected
- Connecting...
- Connected
- Connecting...
- Connected
- Connecting...
- Connected
- Connecting...
- Connected
- Connecting...
- Connected
- Connecting...
- Connected
- Connecting...
- Connected
- Connecting...
- Connected
- Connecting...
- Connected
- Connecting...
- Connected
- Connecting...
- Connected
- Connecting...
- Connected
- Connecting...
- Connected
- Connecting...
- Connected
- Connecting...
- Connected
- Connecting...
- Connected
- Connecting...
- Connected
- Connecting...
- Connected
- Connecting...
- Connected
- Connecting...
- Connected
- Connecting...
- Connected
- Connecting...
- Connected
- Connecting...
- Connected
- Connecting...
- Connected
- Connecting...
- Connected
- Connecting...
- Connected
- Connecting...
- Connected
- Connecting...
- Connected
- Connecting...
- Connected
- Connecting...
- Connected
- Connecting...
- Connected
- Connecting...
- Connected
- Connecting...
- Connected
- Connecting...
- Connected
- Connecting...
- Connected
- Connecting...
- Connected
- Connecting...
- Connected
- Connecting...
- Connected
- Connecting...
- Connected
- Connecting...
- Connected
- Connecting...
- Connected
- Connecting...
- Connected
- Connecting...
- Connected
- Connecting...
- Connected
- Connecting...
- Connected
- Connecting...
- Connected
- Connecting...
- Connected
- Connecting...
- Connected
- Connecting...
- Connected
- Connecting...
- Connected
- Connecting...
- Connected
- Connecting...
- Connected
- Connecting...
- Connected
- Connecting...
- Connected
- Connecting...
- Connected
- Connecting...
- Connected
- Connecting...
- Connected
